DLL日志输出: 2021-10-10 11：16：01：824 src size:2 
DLL日志输出: 2021-10-10 11：16：01：828 ------------------- 
DLL日志输出: 2021-10-10 11：16：01：830 dstI 0019F818 
DLL日志输出: 2021-10-10 11：16：01：830 copyFromVectorToArray2 src point:141 
DLL日志输出: 2021-10-10 14：55：52：921 src x:1,y:2 
DLL日志输出: 2021-10-10 14：55：52：922 src x:3,y:4 
DLL日志输出: 2021-10-10 14：55：52：922 src x:5,y:6 
DLL日志输出: 2021-10-10 14：55：52：923 src x:7,y:8 
DLL日志输出: 2021-10-10 14：55：53：492 src x:1,y:2 
DLL日志输出: 2021-10-10 14：55：53：492 src x:3,y:4 
DLL日志输出: 2021-10-10 14：55：53：493 src x:5,y:6 
DLL日志输出: 2021-10-10 14：55：53：495 src x:7,y:8 
DLL日志输出: 2021-10-10 14：58：09：129 src x:1,y:2 
DLL日志输出: 2021-10-10 14：58：09：130 src x:3,y:4 
DLL日志输出: 2021-10-10 14：58：09：130 src x:5,y:6 
DLL日志输出: 2021-10-10 14：58：09：131 src x:7,y:8 
DLL日志输出: 2021-10-10 15：01：34：554 src x:1,y:2 
DLL日志输出: 2021-10-10 15：04：42：712 src x:1,y:2 
DLL日志输出: 2021-10-10 15：08：03：667 src x:1,y:2 
DLL日志输出: 2021-10-10 15：08：29：359 src x:1,y:2 
DLL日志输出: 2021-10-10 16：10：35：795 src x:1,y:2 
DLL日志输出: 2021-10-10 23：26：28：240 src x:1,y:2 
DLL日志输出: 2021-10-10 23：27：19：814 src x:1,y:2 
DLL日志输出: 2021-10-10 23：27：19：815 src x:3,y:4 
DLL日志输出: 2021-10-10 23：27：19：815 src x:5,y:6 
DLL日志输出: 2021-10-10 23：27：19：815 src x:7,y:8 
DLL日志输出: 2021-10-10 23：29：04：037 src x:1,y:2 
DLL日志输出: 2021-10-10 23：29：04：037 src x:3,y:4 
DLL日志输出: 2021-10-10 23：29：04：037 src x:5,y:6 
DLL日志输出: 2021-10-10 23：29：04：038 src x:7,y:8 
DLL日志输出: 2021-10-10 23：29：51：767 src x:1,y:2 
DLL日志输出: 2021-10-10 23：29：51：767 src x:3,y:4 
DLL日志输出: 2021-10-10 23：29：51：768 src x:5,y:6 
DLL日志输出: 2021-10-10 23：29：51：768 src x:7,y:8 
DLL日志输出: 2021-10-10 23：30：05：012 src x:1,y:2 
DLL日志输出: 2021-10-10 23：30：05：013 src x:3,y:4 
DLL日志输出: 2021-10-10 23：30：05：013 src x:5,y:6 
DLL日志输出: 2021-10-10 23：30：05：013 src x:7,y:8 
DLL日志输出: 2021-10-10 23：30：22：038 src x:1,y:2 
DLL日志输出: 2021-10-10 23：30：22：038 src x:3,y:4 
DLL日志输出: 2021-10-10 23：30：22：039 src x:5,y:6 
DLL日志输出: 2021-10-10 23：30：22：039 src x:7,y:8 
DLL日志输出: 2021-10-10 23：32：38：364 src x:1,y:2 
DLL日志输出: 2021-10-10 23：32：38：366 src x:3,y:4 
DLL日志输出: 2021-10-10 23：32：38：366 src x:5,y:6 
DLL日志输出: 2021-10-10 23：32：38：366 src x:7,y:8 
DLL日志输出: 2021-10-10 23：33：06：115 src x:1,y:2 
DLL日志输出: 2021-10-10 23：33：06：115 src x:3,y:4 
DLL日志输出: 2021-10-10 23：33：06：115 src x:5,y:6 
DLL日志输出: 2021-10-10 23：33：06：115 src x:7,y:8 
DLL日志输出: 2021-10-10 23：36：56：614 src x:1,y:2 
DLL日志输出: 2021-10-10 23：39：24：763 src size:2 
DLL日志输出: 2021-10-10 23：39：24：763 ------------------- 
DLL日志输出: 2021-10-10 23：39：24：772 dstI 62353296 
DLL日志输出: 2021-10-10 23：39：24：773 src point:141 
DLL日志输出: 2021-10-10 23：39：24：774 src point:141 
DLL日志输出: 2021-10-10 23：39：24：774 src point:141 
DLL日志输出: 2021-10-10 23：39：24：775 src point:141 
DLL日志输出: 2021-10-10 23：39：24：775 src point:141 
DLL日志输出: 2021-10-10 23：39：24：775 src point:141 
DLL日志输出: 2021-10-10 23：39：24：775 src point:141 
DLL日志输出: 2021-10-10 23：39：24：776 src point:141 
DLL日志输出: 2021-10-10 23：39：24：776 src point:141 
DLL日志输出: 2021-10-10 23：39：24：776 src point:141 
DLL日志输出: 2021-10-10 23：39：24：777 src point:141 
DLL日志输出: 2021-10-10 23：39：24：777 src point:141 
DLL日志输出: 2021-10-10 23：39：24：777 src point:141 
DLL日志输出: 2021-10-10 23：39：24：781 src point:141 
DLL日志输出: 2021-10-10 23：39：24：787 src point:141 
DLL日志输出: 2021-10-10 23：39：24：788 src point:141 
DLL日志输出: 2021-10-10 23：39：24：789 src point:141 
DLL日志输出: 2021-10-10 23：39：24：789 src point:141 
DLL日志输出: 2021-10-10 23：39：24：790 src point:141 
DLL日志输出: 2021-10-10 23：39：24：790 src point:141 
DLL日志输出: 2021-10-10 23：39：24：790 src point:141 
DLL日志输出: 2021-10-10 23：39：24：791 src point:141 
DLL日志输出: 2021-10-10 23：39：24：791 src point:141 
DLL日志输出: 2021-10-10 23：39：24：791 src point:141 
DLL日志输出: 2021-10-10 23：39：24：792 src point:141 
DLL日志输出: 2021-10-10 23：39：24：792 src point:141 
DLL日志输出: 2021-10-10 23：39：24：792 src point:141 
DLL日志输出: 2021-10-10 23：39：24：792 src point:141 
DLL日志输出: 2021-10-10 23：39：24：793 src point:141 
DLL日志输出: 2021-10-10 23：39：24：793 src point:141 
DLL日志输出: 2021-10-10 23：39：24：793 src point:141 
DLL日志输出: 2021-10-10 23：39：24：794 src point:141 
DLL日志输出: 2021-10-10 23：39：24：796 src point:141 
DLL日志输出: 2021-10-10 23：39：24：797 src point:141 
DLL日志输出: 2021-10-10 23：39：24：797 src point:141 
DLL日志输出: 2021-10-10 23：39：24：797 src point:141 
DLL日志输出: 2021-10-10 23：39：24：799 src point:141 
DLL日志输出: 2021-10-10 23：39：24：799 src point:141 
DLL日志输出: 2021-10-10 23：39：24：799 src point:141 
DLL日志输出: 2021-10-10 23：39：24：801 src point:141 
DLL日志输出: 2021-10-10 23：39：24：802 src point:141 
DLL日志输出: 2021-10-10 23：39：24：802 src point:141 
DLL日志输出: 2021-10-10 23：39：24：803 src point:141 
DLL日志输出: 2021-10-10 23：39：24：803 src point:141 
DLL日志输出: 2021-10-10 23：39：24：805 src point:141 
DLL日志输出: 2021-10-10 23：39：24：805 src point:141 
DLL日志输出: 2021-10-10 23：39：24：805 src point:141 
DLL日志输出: 2021-10-10 23：39：24：805 src point:141 
DLL日志输出: 2021-10-10 23：39：24：805 src point:141 
DLL日志输出: 2021-10-10 23：39：24：806 src point:141 
DLL日志输出: 2021-10-10 23：39：24：807 src point:141 
DLL日志输出: 2021-10-10 23：39：24：807 src point:141 
DLL日志输出: 2021-10-10 23：39：24：807 src point:141 
DLL日志输出: 2021-10-10 23：39：24：807 src point:141 
DLL日志输出: 2021-10-10 23：39：24：807 src point:141 
DLL日志输出: 2021-10-10 23：39：24：808 src point:141 
DLL日志输出: 2021-10-10 23：39：24：808 src point:141 
DLL日志输出: 2021-10-10 23：39：24：808 src point:141 
DLL日志输出: 2021-10-10 23：39：24：808 src point:141 
DLL日志输出: 2021-10-10 23：39：24：810 src point:141 
DLL日志输出: 2021-10-10 23：39：24：811 src point:141 
DLL日志输出: 2021-10-10 23：39：24：811 src point:141 
DLL日志输出: 2021-10-10 23：39：24：811 src point:141 
DLL日志输出: 2021-10-10 23：39：24：812 src point:141 
DLL日志输出: 2021-10-10 23：39：24：812 src point:141 
DLL日志输出: 2021-10-10 23：39：24：812 src point:141 
DLL日志输出: 2021-10-10 23：39：24：812 src point:141 
DLL日志输出: 2021-10-10 23：39：24：813 src point:141 
DLL日志输出: 2021-10-10 23：39：24：813 src point:141 
DLL日志输出: 2021-10-10 23：39：24：814 src point:141 
DLL日志输出: 2021-10-10 23：39：24：814 src point:141 
DLL日志输出: 2021-10-10 23：39：24：814 src point:141 
DLL日志输出: 2021-10-10 23：39：24：817 src point:141 
DLL日志输出: 2021-10-10 23：39：24：819 src point:141 
DLL日志输出: 2021-10-10 23：39：24：820 src point:141 
DLL日志输出: 2021-10-10 23：39：24：820 src point:141 
DLL日志输出: 2021-10-10 23：39：24：821 src point:141 
DLL日志输出: 2021-10-10 23：39：24：821 src point:141 
DLL日志输出: 2021-10-10 23：39：24：821 src point:141 
DLL日志输出: 2021-10-10 23：39：24：822 src point:141 
DLL日志输出: 2021-10-10 23：39：24：822 src point:141 
DLL日志输出: 2021-10-10 23：39：24：822 src point:141 
DLL日志输出: 2021-10-10 23：39：24：822 src point:141 
DLL日志输出: 2021-10-10 23：39：24：823 src point:141 
DLL日志输出: 2021-10-10 23：39：24：823 src point:141 
DLL日志输出: 2021-10-10 23：39：24：823 src point:141 
DLL日志输出: 2021-10-10 23：39：24：824 src point:141 
DLL日志输出: 2021-10-10 23：39：24：824 src point:141 
DLL日志输出: 2021-10-10 23：39：24：824 src point:141 
DLL日志输出: 2021-10-10 23：39：24：824 src point:141 
DLL日志输出: 2021-10-10 23：39：24：825 src point:141 
DLL日志输出: 2021-10-10 23：39：24：828 src point:141 
DLL日志输出: 2021-10-10 23：39：24：828 src point:141 
DLL日志输出: 2021-10-10 23：39：24：828 src point:141 
DLL日志输出: 2021-10-10 23：39：24：829 src point:141 
DLL日志输出: 2021-10-10 23：39：24：830 src point:141 
DLL日志输出: 2021-10-10 23：39：24：830 src point:141 
DLL日志输出: 2021-10-10 23：39：24：830 src point:141 
DLL日志输出: 2021-10-10 23：39：24：830 src point:141 
DLL日志输出: 2021-10-10 23：39：24：830 src point:141 
DLL日志输出: 2021-10-10 23：39：24：830 src point:141 
DLL日志输出: 2021-10-10 23：39：24：831 src point:141 
DLL日志输出: 2021-10-10 23：39：24：831 src point:141 
DLL日志输出: 2021-10-10 23：39：24：831 src point:141 
DLL日志输出: 2021-10-10 23：39：24：832 src point:141 
DLL日志输出: 2021-10-10 23：39：24：832 src point:141 
DLL日志输出: 2021-10-10 23：39：24：833 src point:141 
DLL日志输出: 2021-10-10 23：39：24：834 src point:141 
DLL日志输出: 2021-10-10 23：39：24：836 src point:141 
DLL日志输出: 2021-10-10 23：39：24：836 src point:141 
DLL日志输出: 2021-10-10 23：39：24：836 src point:141 
DLL日志输出: 2021-10-10 23：39：24：836 src point:141 
DLL日志输出: 2021-10-10 23：39：24：836 src point:141 
DLL日志输出: 2021-10-10 23：39：24：837 src point:141 
DLL日志输出: 2021-10-10 23：39：24：837 src point:141 
DLL日志输出: 2021-10-10 23：39：24：838 src point:141 
DLL日志输出: 2021-10-10 23：39：24：838 src point:141 
DLL日志输出: 2021-10-10 23：39：24：838 src point:141 
DLL日志输出: 2021-10-10 23：39：24：838 src point:141 
DLL日志输出: 2021-10-10 23：39：24：838 src point:141 
DLL日志输出: 2021-10-10 23：39：24：839 src point:141 
DLL日志输出: 2021-10-10 23：39：24：840 src point:141 
DLL日志输出: 2021-10-10 23：39：24：843 src point:141 
DLL日志输出: 2021-10-10 23：39：24：843 src point:141 
DLL日志输出: 2021-10-10 23：39：24：844 src point:141 
DLL日志输出: 2021-10-10 23：39：24：844 src point:141 
DLL日志输出: 2021-10-10 23：39：24：844 src point:141 
DLL日志输出: 2021-10-10 23：39：24：845 src point:141 
DLL日志输出: 2021-10-10 23：39：24：845 src point:141 
DLL日志输出: 2021-10-10 23：39：24：845 src point:141 
DLL日志输出: 2021-10-10 23：39：24：845 src point:141 
DLL日志输出: 2021-10-10 23：39：24：846 src point:141 
DLL日志输出: 2021-10-10 23：39：24：847 src point:141 
DLL日志输出: 2021-10-10 23：39：24：847 src point:141 
DLL日志输出: 2021-10-10 23：39：24：847 src point:141 
DLL日志输出: 2021-10-10 23：39：24：847 src point:141 
DLL日志输出: 2021-10-10 23：39：24：847 src point:141 
DLL日志输出: 2021-10-10 23：39：24：847 src point:141 
DLL日志输出: 2021-10-10 23：39：24：848 src point:141 
DLL日志输出: 2021-10-10 23：39：24：848 src point:141 
DLL日志输出: 2021-10-10 23：39：24：849 src point:141 
DLL日志输出: 2021-10-10 23：39：24：849 src size:2 
DLL日志输出: 2021-10-10 23：39：24：850 ------------------- 
DLL日志输出: 2021-10-10 23：39：24：850 dstI 62126152 
DLL日志输出: 2021-10-10 23：39：24：852 src point:6 
DLL日志输出: 2021-10-10 23：39：24：852 src point:6 
DLL日志输出: 2021-10-10 23：39：24：853 src point:6 
DLL日志输出: 2021-10-10 23：39：24：854 src point:6 
DLL日志输出: 2021-10-10 23：39：24：854 src point:6 
DLL日志输出: 2021-10-10 23：39：24：854 src point:6 
DLL日志输出: 2021-10-10 23：39：24：854 ddddddddddddddddddddd 
DLL日志输出: 2021-10-11 00：03：40：029 src size:2 
DLL日志输出: 2021-10-11 00：03：40：029 ------------------- 
DLL日志输出: 2021-10-11 00：03：40：030 dstI 61655552 
DLL日志输出: 2021-10-11 00：03：40：030 src point:141 
DLL日志输出: 2021-10-11 00：03：40：030 src point:141 
DLL日志输出: 2021-10-11 00：03：40：031 src point:141 
DLL日志输出: 2021-10-11 00：03：40：031 src point:141 
DLL日志输出: 2021-10-11 00：03：40：031 src point:141 
DLL日志输出: 2021-10-11 00：03：40：032 src point:141 
DLL日志输出: 2021-10-11 00：03：40：032 src point:141 
DLL日志输出: 2021-10-11 00：03：40：032 src point:141 
DLL日志输出: 2021-10-11 00：03：40：032 src point:141 
DLL日志输出: 2021-10-11 00：03：40：033 src point:141 
DLL日志输出: 2021-10-11 00：03：40：033 src point:141 
DLL日志输出: 2021-10-11 00：03：40：033 src point:141 
DLL日志输出: 2021-10-11 00：03：40：034 src point:141 
DLL日志输出: 2021-10-11 00：03：40：034 src point:141 
DLL日志输出: 2021-10-11 00：03：40：035 src point:141 
DLL日志输出: 2021-10-11 00：03：40：035 src point:141 
DLL日志输出: 2021-10-11 00：03：40：035 src point:141 
DLL日志输出: 2021-10-11 00：03：40：036 src point:141 
DLL日志输出: 2021-10-11 00：03：40：036 src point:141 
DLL日志输出: 2021-10-11 00：03：40：036 src point:141 
DLL日志输出: 2021-10-11 00：03：40：037 src point:141 
DLL日志输出: 2021-10-11 00：03：40：037 src point:141 
DLL日志输出: 2021-10-11 00：03：40：037 src point:141 
DLL日志输出: 2021-10-11 00：03：40：037 src point:141 
DLL日志输出: 2021-10-11 00：03：40：038 src point:141 
DLL日志输出: 2021-10-11 00：03：40：038 src point:141 
DLL日志输出: 2021-10-11 00：03：40：038 src point:141 
DLL日志输出: 2021-10-11 00：03：40：039 src point:141 
DLL日志输出: 2021-10-11 00：03：40：039 src point:141 
DLL日志输出: 2021-10-11 00：03：40：039 src point:141 
DLL日志输出: 2021-10-11 00：03：40：039 src point:141 
DLL日志输出: 2021-10-11 00：03：40：040 src point:141 
DLL日志输出: 2021-10-11 00：03：40：040 src point:141 
DLL日志输出: 2021-10-11 00：03：40：041 src point:141 
DLL日志输出: 2021-10-11 00：03：40：041 src point:141 
DLL日志输出: 2021-10-11 00：03：40：041 src point:141 
DLL日志输出: 2021-10-11 00：03：40：042 src point:141 
DLL日志输出: 2021-10-11 00：03：40：043 src point:141 
DLL日志输出: 2021-10-11 00：03：40：043 src point:141 
DLL日志输出: 2021-10-11 00：03：40：043 src point:141 
DLL日志输出: 2021-10-11 00：03：40：044 src point:141 
DLL日志输出: 2021-10-11 00：03：40：044 src point:141 
DLL日志输出: 2021-10-11 00：03：40：044 src point:141 
DLL日志输出: 2021-10-11 00：03：40：044 src point:141 
DLL日志输出: 2021-10-11 00：03：40：045 src point:141 
DLL日志输出: 2021-10-11 00：03：40：045 src point:141 
DLL日志输出: 2021-10-11 00：03：40：045 src point:141 
DLL日志输出: 2021-10-11 00：03：40：046 src point:141 
DLL日志输出: 2021-10-11 00：03：40：046 src point:141 
DLL日志输出: 2021-10-11 00：03：40：046 src point:141 
DLL日志输出: 2021-10-11 00：03：40：047 src point:141 
DLL日志输出: 2021-10-11 00：03：40：047 src point:141 
DLL日志输出: 2021-10-11 00：03：40：047 src point:141 
DLL日志输出: 2021-10-11 00：03：40：048 src point:141 
DLL日志输出: 2021-10-11 00：03：40：048 src point:141 
DLL日志输出: 2021-10-11 00：03：40：048 src point:141 
DLL日志输出: 2021-10-11 00：03：40：049 src point:141 
DLL日志输出: 2021-10-11 00：03：40：049 src point:141 
DLL日志输出: 2021-10-11 00：03：40：054 src point:141 
DLL日志输出: 2021-10-11 00：03：40：054 src point:141 
DLL日志输出: 2021-10-11 00：03：40：054 src point:141 
DLL日志输出: 2021-10-11 00：03：40：055 src point:141 
DLL日志输出: 2021-10-11 00：03：40：055 src point:141 
DLL日志输出: 2021-10-11 00：03：40：055 src point:141 
DLL日志输出: 2021-10-11 00：03：40：056 src point:141 
DLL日志输出: 2021-10-11 00：03：40：056 src point:141 
DLL日志输出: 2021-10-11 00：03：40：056 src point:141 
DLL日志输出: 2021-10-11 00：03：40：056 src point:141 
DLL日志输出: 2021-10-11 00：03：40：057 src point:141 
DLL日志输出: 2021-10-11 00：03：40：057 src point:141 
DLL日志输出: 2021-10-11 00：03：40：058 src point:141 
DLL日志输出: 2021-10-11 00：03：40：059 src point:141 
DLL日志输出: 2021-10-11 00：03：40：060 src point:141 
DLL日志输出: 2021-10-11 00：03：40：062 src point:141 
DLL日志输出: 2021-10-11 00：03：40：063 src point:141 
DLL日志输出: 2021-10-11 00：03：40：063 src point:141 
DLL日志输出: 2021-10-11 00：03：40：064 src point:141 
DLL日志输出: 2021-10-11 00：03：40：064 src point:141 
DLL日志输出: 2021-10-11 00：03：40：064 src point:141 
DLL日志输出: 2021-10-11 00：03：40：070 src point:141 
DLL日志输出: 2021-10-11 00：03：40：070 src point:141 
DLL日志输出: 2021-10-11 00：03：40：070 src point:141 
DLL日志输出: 2021-10-11 00：03：40：071 src point:141 
DLL日志输出: 2021-10-11 00：03：40：071 src point:141 
DLL日志输出: 2021-10-11 00：03：40：071 src point:141 
DLL日志输出: 2021-10-11 00：03：40：072 src point:141 
DLL日志输出: 2021-10-11 00：03：40：072 src point:141 
DLL日志输出: 2021-10-11 00：03：40：072 src point:141 
DLL日志输出: 2021-10-11 00：03：40：073 src point:141 
DLL日志输出: 2021-10-11 00：03：40：073 src point:141 
DLL日志输出: 2021-10-11 00：03：40：073 src point:141 
DLL日志输出: 2021-10-11 00：03：40：074 src point:141 
DLL日志输出: 2021-10-11 00：03：40：075 src point:141 
DLL日志输出: 2021-10-11 00：03：40：075 src point:141 
DLL日志输出: 2021-10-11 00：03：40：078 src point:141 
DLL日志输出: 2021-10-11 00：03：40：078 src point:141 
DLL日志输出: 2021-10-11 00：03：40：079 src point:141 
DLL日志输出: 2021-10-11 00：03：40：079 src point:141 
DLL日志输出: 2021-10-11 00：03：40：079 src point:141 
DLL日志输出: 2021-10-11 00：03：40：080 src point:141 
DLL日志输出: 2021-10-11 00：03：40：080 src point:141 
DLL日志输出: 2021-10-11 00：03：40：080 src point:141 
DLL日志输出: 2021-10-11 00：03：40：081 src point:141 
DLL日志输出: 2021-10-11 00：03：40：082 src point:141 
DLL日志输出: 2021-10-11 00：03：40：083 src point:141 
DLL日志输出: 2021-10-11 00：03：40：083 src point:141 
DLL日志输出: 2021-10-11 00：03：40：084 src point:141 
DLL日志输出: 2021-10-11 00：03：40：085 src point:141 
DLL日志输出: 2021-10-11 00：03：40：085 src point:141 
DLL日志输出: 2021-10-11 00：03：40：085 src point:141 
DLL日志输出: 2021-10-11 00：03：40：086 src point:141 
DLL日志输出: 2021-10-11 00：03：40：086 src point:141 
DLL日志输出: 2021-10-11 00：03：40：086 src point:141 
DLL日志输出: 2021-10-11 00：03：40：087 src point:141 
DLL日志输出: 2021-10-11 00：03：40：087 src point:141 
DLL日志输出: 2021-10-11 00：03：40：087 src point:141 
DLL日志输出: 2021-10-11 00：03：40：088 src point:141 
DLL日志输出: 2021-10-11 00：03：40：088 src point:141 
DLL日志输出: 2021-10-11 00：03：40：088 src point:141 
DLL日志输出: 2021-10-11 00：03：40：088 src point:141 
DLL日志输出: 2021-10-11 00：03：40：089 src point:141 
DLL日志输出: 2021-10-11 00：03：40：089 src point:141 
DLL日志输出: 2021-10-11 00：03：40：089 src point:141 
DLL日志输出: 2021-10-11 00：03：40：089 src point:141 
DLL日志输出: 2021-10-11 00：03：40：092 src point:141 
DLL日志输出: 2021-10-11 00：03：40：092 src point:141 
DLL日志输出: 2021-10-11 00：03：40：092 src point:141 
DLL日志输出: 2021-10-11 00：03：40：094 src point:141 
DLL日志输出: 2021-10-11 00：03：40：095 src point:141 
DLL日志输出: 2021-10-11 00：03：40：096 src point:141 
DLL日志输出: 2021-10-11 00：03：40：097 src point:141 
DLL日志输出: 2021-10-11 00：03：40：097 src point:141 
DLL日志输出: 2021-10-11 00：03：40：098 src point:141 
DLL日志输出: 2021-10-11 00：03：40：098 src point:141 
DLL日志输出: 2021-10-11 00：03：40：098 src point:141 
DLL日志输出: 2021-10-11 00：03：40：099 src point:141 
DLL日志输出: 2021-10-11 00：03：40：099 src point:141 
DLL日志输出: 2021-10-11 00：03：40：099 src point:141 
DLL日志输出: 2021-10-11 00：03：40：100 src point:141 
DLL日志输出: 2021-10-11 00：03：40：100 src point:141 
DLL日志输出: 2021-10-11 00：03：40：100 src point:141 
DLL日志输出: 2021-10-11 00：03：40：100 src size:2 
DLL日志输出: 2021-10-11 00：03：40：101 ------------------- 
DLL日志输出: 2021-10-11 00：03：40：102 dstI 61272496 
DLL日志输出: 2021-10-11 00：03：40：102 src point:6 
DLL日志输出: 2021-10-11 00：03：40：102 src point:6 
DLL日志输出: 2021-10-11 00：03：40：102 src point:6 
DLL日志输出: 2021-10-11 00：03：40：102 src point:6 
DLL日志输出: 2021-10-11 00：03：40：103 src point:6 
DLL日志输出: 2021-10-11 00：03：40：103 src point:6 
DLL日志输出: 2021-10-11 00：03：40：103 ddddddddddddddddddddd 
DLL日志输出: 2021-10-11 00：17：41：917 src size:2 
DLL日志输出: 2021-10-11 00：17：41：919 ------------------- 
DLL日志输出: 2021-10-11 00：17：41：919 dstI 61127728 
DLL日志输出: 2021-10-11 00：17：41：920 src point:141 
DLL日志输出: 2021-10-11 00：17：41：920 src point:141 
DLL日志输出: 2021-10-11 00：17：41：920 src point:141 
DLL日志输出: 2021-10-11 00：17：41：921 src point:141 
DLL日志输出: 2021-10-11 00：17：41：925 src point:141 
DLL日志输出: 2021-10-11 00：17：41：927 src point:141 
DLL日志输出: 2021-10-11 00：17：41：928 src point:141 
DLL日志输出: 2021-10-11 00：17：41：928 src point:141 
DLL日志输出: 2021-10-11 00：17：41：928 src point:141 
DLL日志输出: 2021-10-11 00：17：41：936 src point:141 
DLL日志输出: 2021-10-11 00：17：41：937 src point:141 
DLL日志输出: 2021-10-11 00：17：41：938 src point:141 
DLL日志输出: 2021-10-11 00：17：41：939 src point:141 
DLL日志输出: 2021-10-11 00：17：41：939 src point:141 
DLL日志输出: 2021-10-11 00：17：41：939 src point:141 
DLL日志输出: 2021-10-11 00：17：41：941 src point:141 
DLL日志输出: 2021-10-11 00：17：41：943 src point:141 
DLL日志输出: 2021-10-11 00：17：41：952 src point:141 
DLL日志输出: 2021-10-11 00：17：41：954 src point:141 
DLL日志输出: 2021-10-11 00：17：41：954 src point:141 
DLL日志输出: 2021-10-11 00：17：41：954 src point:141 
DLL日志输出: 2021-10-11 00：17：41：954 src point:141 
DLL日志输出: 2021-10-11 00：17：41：954 src point:141 
DLL日志输出: 2021-10-11 00：17：41：955 src point:141 
DLL日志输出: 2021-10-11 00：17：41：955 src point:141 
DLL日志输出: 2021-10-11 00：17：41：955 src point:141 
DLL日志输出: 2021-10-11 00：17：41：956 src point:141 
DLL日志输出: 2021-10-11 00：17：41：956 src point:141 
DLL日志输出: 2021-10-11 00：17：41：956 src point:141 
DLL日志输出: 2021-10-11 00：17：41：957 src point:141 
DLL日志输出: 2021-10-11 00：17：41：957 src point:141 
DLL日志输出: 2021-10-11 00：17：41：959 src point:141 
DLL日志输出: 2021-10-11 00：17：41：960 src point:141 
DLL日志输出: 2021-10-11 00：17：41：960 src point:141 
DLL日志输出: 2021-10-11 00：17：41：965 src point:141 
DLL日志输出: 2021-10-11 00：17：41：966 src point:141 
DLL日志输出: 2021-10-11 00：17：41：966 src point:141 
DLL日志输出: 2021-10-11 00：17：41：967 src point:141 
DLL日志输出: 2021-10-11 00：17：41：967 src point:141 
DLL日志输出: 2021-10-11 00：17：41：968 src point:141 
DLL日志输出: 2021-10-11 00：17：41：969 src point:141 
DLL日志输出: 2021-10-11 00：17：41：969 src point:141 
DLL日志输出: 2021-10-11 00：17：41：969 src point:141 
DLL日志输出: 2021-10-11 00：17：41：969 src point:141 
DLL日志输出: 2021-10-11 00：17：41：969 src point:141 
DLL日志输出: 2021-10-11 00：17：41：969 src point:141 
DLL日志输出: 2021-10-11 00：17：41：970 src point:141 
DLL日志输出: 2021-10-11 00：17：41：970 src point:141 
DLL日志输出: 2021-10-11 00：17：41：970 src point:141 
DLL日志输出: 2021-10-11 00：17：41：970 src point:141 
DLL日志输出: 2021-10-11 00：17：41：971 src point:141 
DLL日志输出: 2021-10-11 00：17：41：971 src point:141 
DLL日志输出: 2021-10-11 00：17：41：971 src point:141 
DLL日志输出: 2021-10-11 00：17：41：972 src point:141 
DLL日志输出: 2021-10-11 00：17：41：972 src point:141 
DLL日志输出: 2021-10-11 00：17：41：972 src point:141 
DLL日志输出: 2021-10-11 00：17：41：972 src point:141 
DLL日志输出: 2021-10-11 00：17：41：973 src point:141 
DLL日志输出: 2021-10-11 00：17：41：973 src point:141 
DLL日志输出: 2021-10-11 00：17：41：974 src point:141 
DLL日志输出: 2021-10-11 00：17：41：974 src point:141 
DLL日志输出: 2021-10-11 00：17：41：974 src point:141 
DLL日志输出: 2021-10-11 00：17：41：975 src point:141 
DLL日志输出: 2021-10-11 00：17：41：984 src point:141 
DLL日志输出: 2021-10-11 00：17：41：984 src point:141 
DLL日志输出: 2021-10-11 00：17：41：985 src point:141 
DLL日志输出: 2021-10-11 00：17：41：986 src point:141 
DLL日志输出: 2021-10-11 00：17：41：986 src point:141 
DLL日志输出: 2021-10-11 00：17：41：987 src point:141 
DLL日志输出: 2021-10-11 00：17：41：987 src point:141 
DLL日志输出: 2021-10-11 00：17：41：988 src point:141 
DLL日志输出: 2021-10-11 00：17：41：989 src point:141 
DLL日志输出: 2021-10-11 00：17：41：989 src point:141 
DLL日志输出: 2021-10-11 00：17：41：994 src point:141 
DLL日志输出: 2021-10-11 00：17：41：995 src point:141 
DLL日志输出: 2021-10-11 00：17：41：995 src point:141 
DLL日志输出: 2021-10-11 00：17：41：996 src point:141 
DLL日志输出: 2021-10-11 00：17：41：996 src point:141 
DLL日志输出: 2021-10-11 00：17：41：996 src point:141 
DLL日志输出: 2021-10-11 00：17：41：997 src point:141 
DLL日志输出: 2021-10-11 00：17：41：997 src point:141 
DLL日志输出: 2021-10-11 00：17：41：997 src point:141 
DLL日志输出: 2021-10-11 00：17：41：998 src point:141 
DLL日志输出: 2021-10-11 00：17：41：998 src point:141 
DLL日志输出: 2021-10-11 00：17：41：998 src point:141 
DLL日志输出: 2021-10-11 00：17：41：999 src point:141 
DLL日志输出: 2021-10-11 00：17：41：999 src point:141 
DLL日志输出: 2021-10-11 00：17：41：999 src point:141 
DLL日志输出: 2021-10-11 00：17：41：999 src point:141 
DLL日志输出: 2021-10-11 00：17：42：000 src point:141 
DLL日志输出: 2021-10-11 00：17：42：001 src point:141 
DLL日志输出: 2021-10-11 00：17：42：001 src point:141 
DLL日志输出: 2021-10-11 00：17：42：001 src point:141 
DLL日志输出: 2021-10-11 00：17：42：001 src point:141 
DLL日志输出: 2021-10-11 00：17：42：002 src point:141 
DLL日志输出: 2021-10-11 00：17：42：002 src point:141 
DLL日志输出: 2021-10-11 00：17：42：002 src point:141 
DLL日志输出: 2021-10-11 00：17：42：003 src point:141 
DLL日志输出: 2021-10-11 00：17：42：003 src point:141 
DLL日志输出: 2021-10-11 00：17：42：003 src point:141 
DLL日志输出: 2021-10-11 00：17：42：003 src point:141 
DLL日志输出: 2021-10-11 00：17：42：003 src point:141 
DLL日志输出: 2021-10-11 00：17：42：004 src point:141 
DLL日志输出: 2021-10-11 00：17：42：004 src point:141 
DLL日志输出: 2021-10-11 00：17：42：004 src point:141 
DLL日志输出: 2021-10-11 00：17：42：004 src point:141 
DLL日志输出: 2021-10-11 00：17：42：005 src point:141 
DLL日志输出: 2021-10-11 00：17：42：005 src point:141 
DLL日志输出: 2021-10-11 00：17：42：005 src point:141 
DLL日志输出: 2021-10-11 00：17：42：006 src point:141 
DLL日志输出: 2021-10-11 00：17：42：007 src point:141 
DLL日志输出: 2021-10-11 00：17：42：007 src point:141 
DLL日志输出: 2021-10-11 00：17：42：008 src point:141 
DLL日志输出: 2021-10-11 00：17：42：012 src point:141 
DLL日志输出: 2021-10-11 00：17：42：014 src point:141 
DLL日志输出: 2021-10-11 00：17：42：014 src point:141 
DLL日志输出: 2021-10-11 00：17：42：015 src point:141 
DLL日志输出: 2021-10-11 00：17：42：015 src point:141 
DLL日志输出: 2021-10-11 00：17：42：015 src point:141 
DLL日志输出: 2021-10-11 00：17：42：015 src point:141 
DLL日志输出: 2021-10-11 00：17：42：016 src point:141 
DLL日志输出: 2021-10-11 00：17：42：016 src point:141 
DLL日志输出: 2021-10-11 00：17：42：016 src point:141 
DLL日志输出: 2021-10-11 00：17：42：017 src point:141 
DLL日志输出: 2021-10-11 00：17：42：017 src point:141 
DLL日志输出: 2021-10-11 00：17：42：017 src point:141 
DLL日志输出: 2021-10-11 00：17：42：017 src point:141 
DLL日志输出: 2021-10-11 00：17：42：018 src point:141 
DLL日志输出: 2021-10-11 00：17：42：018 src point:141 
DLL日志输出: 2021-10-11 00：17：42：018 src point:141 
DLL日志输出: 2021-10-11 00：17：42：018 src point:141 
DLL日志输出: 2021-10-11 00：17：42：019 src point:141 
DLL日志输出: 2021-10-11 00：17：42：019 src point:141 
DLL日志输出: 2021-10-11 00：17：42：019 src point:141 
DLL日志输出: 2021-10-11 00：17：42：019 src point:141 
DLL日志输出: 2021-10-11 00：17：42：020 src point:141 
DLL日志输出: 2021-10-11 00：17：42：020 src point:141 
DLL日志输出: 2021-10-11 00：17：42：020 src point:141 
DLL日志输出: 2021-10-11 00：17：42：021 src point:141 
DLL日志输出: 2021-10-11 00：17：42：021 src point:141 
DLL日志输出: 2021-10-11 00：17：42：021 src point:141 
DLL日志输出: 2021-10-11 00：17：42：021 src size:2 
DLL日志输出: 2021-10-11 00：17：42：022 ------------------- 
DLL日志输出: 2021-10-11 00：17：42：022 dstI 60758080 
DLL日志输出: 2021-10-11 00：17：42：022 src point:6 
DLL日志输出: 2021-10-11 00：17：42：022 src point:6 
DLL日志输出: 2021-10-11 00：17：42：023 src point:6 
DLL日志输出: 2021-10-11 00：17：42：024 src point:6 
DLL日志输出: 2021-10-11 00：17：42：024 src point:6 
DLL日志输出: 2021-10-11 00：17：42：024 src point:6 
DLL日志输出: 2021-10-11 00：17：42：024 ddddddddddddddddddddd 
DLL日志输出: 2021-10-11 00：20：48：553 src size:2 
DLL日志输出: 2021-10-11 00：20：48：554 ------------------- 
DLL日志输出: 2021-10-11 00：20：48：554 dstI 60982944 
DLL日志输出: 2021-10-11 00：20：48：554 src point:141 
DLL日志输出: 2021-10-11 00：20：48：555 src point:141 
DLL日志输出: 2021-10-11 00：20：48：555 src point:141 
DLL日志输出: 2021-10-11 00：20：48：555 src point:141 
DLL日志输出: 2021-10-11 00：20：48：556 src point:141 
DLL日志输出: 2021-10-11 00：20：48：557 src point:141 
DLL日志输出: 2021-10-11 00：20：48：557 src point:141 
DLL日志输出: 2021-10-11 00：20：48：557 src point:141 
DLL日志输出: 2021-10-11 00：20：48：557 src point:141 
DLL日志输出: 2021-10-11 00：20：48：558 src point:141 
DLL日志输出: 2021-10-11 00：20：48：558 src point:141 
DLL日志输出: 2021-10-11 00：20：48：558 src point:141 
DLL日志输出: 2021-10-11 00：20：48：559 src point:141 
DLL日志输出: 2021-10-11 00：20：48：560 src point:141 
DLL日志输出: 2021-10-11 00：20：48：560 src point:141 
DLL日志输出: 2021-10-11 00：20：48：560 src point:141 
DLL日志输出: 2021-10-11 00：20：48：561 src point:141 
DLL日志输出: 2021-10-11 00：20：48：561 src point:141 
DLL日志输出: 2021-10-11 00：20：48：568 src point:141 
DLL日志输出: 2021-10-11 00：20：48：569 src point:141 
DLL日志输出: 2021-10-11 00：20：48：569 src point:141 
DLL日志输出: 2021-10-11 00：20：48：570 src point:141 
DLL日志输出: 2021-10-11 00：20：48：570 src point:141 
DLL日志输出: 2021-10-11 00：20：48：570 src point:141 
DLL日志输出: 2021-10-11 00：20：48：571 src point:141 
DLL日志输出: 2021-10-11 00：20：48：571 src point:141 
DLL日志输出: 2021-10-11 00：20：48：572 src point:141 
DLL日志输出: 2021-10-11 00：20：48：572 src point:141 
DLL日志输出: 2021-10-11 00：20：48：572 src point:141 
DLL日志输出: 2021-10-11 00：20：48：573 src point:141 
DLL日志输出: 2021-10-11 00：20：48：573 src point:141 
DLL日志输出: 2021-10-11 00：20：48：574 src point:141 
DLL日志输出: 2021-10-11 00：20：48：574 src point:141 
DLL日志输出: 2021-10-11 00：20：48：574 src point:141 
DLL日志输出: 2021-10-11 00：20：48：575 src point:141 
DLL日志输出: 2021-10-11 00：20：48：575 src point:141 
DLL日志输出: 2021-10-11 00：20：48：575 src point:141 
DLL日志输出: 2021-10-11 00：20：48：575 src point:141 
DLL日志输出: 2021-10-11 00：20：48：576 src point:141 
DLL日志输出: 2021-10-11 00：20：48：576 src point:141 
DLL日志输出: 2021-10-11 00：20：48：576 src point:141 
DLL日志输出: 2021-10-11 00：20：48：577 src point:141 
DLL日志输出: 2021-10-11 00：20：48：577 src point:141 
DLL日志输出: 2021-10-11 00：20：48：577 src point:141 
DLL日志输出: 2021-10-11 00：20：48：577 src point:141 
DLL日志输出: 2021-10-11 00：20：48：581 src point:141 
DLL日志输出: 2021-10-11 00：20：48：582 src point:141 
DLL日志输出: 2021-10-11 00：20：48：583 src point:141 
DLL日志输出: 2021-10-11 00：20：48：583 src point:141 
DLL日志输出: 2021-10-11 00：20：48：583 src point:141 
DLL日志输出: 2021-10-11 00：20：48：584 src point:141 
DLL日志输出: 2021-10-11 00：20：48：584 src point:141 
DLL日志输出: 2021-10-11 00：20：48：584 src point:141 
DLL日志输出: 2021-10-11 00：20：48：584 src point:141 
DLL日志输出: 2021-10-11 00：20：48：585 src point:141 
DLL日志输出: 2021-10-11 00：20：48：585 src point:141 
DLL日志输出: 2021-10-11 00：20：48：585 src point:141 
DLL日志输出: 2021-10-11 00：20：48：585 src point:141 
DLL日志输出: 2021-10-11 00：20：48：586 src point:141 
DLL日志输出: 2021-10-11 00：20：48：586 src point:141 
DLL日志输出: 2021-10-11 00：20：48：586 src point:141 
DLL日志输出: 2021-10-11 00：20：48：587 src point:141 
DLL日志输出: 2021-10-11 00：20：48：587 src point:141 
DLL日志输出: 2021-10-11 00：20：48：587 src point:141 
DLL日志输出: 2021-10-11 00：20：48：587 src point:141 
DLL日志输出: 2021-10-11 00：20：48：588 src point:141 
DLL日志输出: 2021-10-11 00：20：48：588 src point:141 
DLL日志输出: 2021-10-11 00：20：48：588 src point:141 
DLL日志输出: 2021-10-11 00：20：48：589 src point:141 
DLL日志输出: 2021-10-11 00：20：48：589 src point:141 
DLL日志输出: 2021-10-11 00：20：48：589 src point:141 
DLL日志输出: 2021-10-11 00：20：48：589 src point:141 
DLL日志输出: 2021-10-11 00：20：48：590 src point:141 
DLL日志输出: 2021-10-11 00：20：48：590 src point:141 
DLL日志输出: 2021-10-11 00：20：48：590 src point:141 
DLL日志输出: 2021-10-11 00：20：48：591 src point:141 
DLL日志输出: 2021-10-11 00：20：48：591 src point:141 
DLL日志输出: 2021-10-11 00：20：48：591 src point:141 
DLL日志输出: 2021-10-11 00：20：48：592 src point:141 
DLL日志输出: 2021-10-11 00：20：48：592 src point:141 
DLL日志输出: 2021-10-11 00：20：48：592 src point:141 
DLL日志输出: 2021-10-11 00：20：48：592 src point:141 
DLL日志输出: 2021-10-11 00：20：48：593 src point:141 
DLL日志输出: 2021-10-11 00：20：48：596 src point:141 
DLL日志输出: 2021-10-11 00：20：48：596 src point:141 
DLL日志输出: 2021-10-11 00：20：48：597 src point:141 
DLL日志输出: 2021-10-11 00：20：48：600 src point:141 
DLL日志输出: 2021-10-11 00：20：48：601 src point:141 
DLL日志输出: 2021-10-11 00：20：48：601 src point:141 
DLL日志输出: 2021-10-11 00：20：48：601 src point:141 
DLL日志输出: 2021-10-11 00：20：48：602 src point:141 
DLL日志输出: 2021-10-11 00：20：48：602 src point:141 
DLL日志输出: 2021-10-11 00：20：48：602 src point:141 
DLL日志输出: 2021-10-11 00：20：48：603 src point:141 
DLL日志输出: 2021-10-11 00：20：48：604 src point:141 
DLL日志输出: 2021-10-11 00：20：48：604 src point:141 
DLL日志输出: 2021-10-11 00：20：48：605 src point:141 
DLL日志输出: 2021-10-11 00：20：48：605 src point:141 
DLL日志输出: 2021-10-11 00：20：48：605 src point:141 
DLL日志输出: 2021-10-11 00：20：48：605 src point:141 
DLL日志输出: 2021-10-11 00：20：48：606 src point:141 
DLL日志输出: 2021-10-11 00：20：48：606 src point:141 
DLL日志输出: 2021-10-11 00：20：48：606 src point:141 
DLL日志输出: 2021-10-11 00：20：48：607 src point:141 
DLL日志输出: 2021-10-11 00：20：48：607 src point:141 
DLL日志输出: 2021-10-11 00：20：48：607 src point:141 
DLL日志输出: 2021-10-11 00：20：48：607 src point:141 
DLL日志输出: 2021-10-11 00：20：48：611 src point:141 
DLL日志输出: 2021-10-11 00：20：48：611 src point:141 
DLL日志输出: 2021-10-11 00：20：48：611 src point:141 
DLL日志输出: 2021-10-11 00：20：48：612 src point:141 
DLL日志输出: 2021-10-11 00：20：48：612 src point:141 
DLL日志输出: 2021-10-11 00：20：48：613 src point:141 
DLL日志输出: 2021-10-11 00：20：48：615 src point:141 
DLL日志输出: 2021-10-11 00：20：48：616 src point:141 
DLL日志输出: 2021-10-11 00：20：48：616 src point:141 
DLL日志输出: 2021-10-11 00：20：48：616 src point:141 
DLL日志输出: 2021-10-11 00：20：48：616 src point:141 
DLL日志输出: 2021-10-11 00：20：48：617 src point:141 
DLL日志输出: 2021-10-11 00：20：48：617 src point:141 
DLL日志输出: 2021-10-11 00：20：48：617 src point:141 
DLL日志输出: 2021-10-11 00：20：48：618 src point:141 
DLL日志输出: 2021-10-11 00：20：48：618 src point:141 
DLL日志输出: 2021-10-11 00：20：48：618 src point:141 
DLL日志输出: 2021-10-11 00：20：48：618 src point:141 
DLL日志输出: 2021-10-11 00：20：48：619 src point:141 
DLL日志输出: 2021-10-11 00：20：48：619 src point:141 
DLL日志输出: 2021-10-11 00：20：48：619 src point:141 
DLL日志输出: 2021-10-11 00：20：48：620 src point:141 
DLL日志输出: 2021-10-11 00：20：48：620 src point:141 
DLL日志输出: 2021-10-11 00：20：48：621 src point:141 
DLL日志输出: 2021-10-11 00：20：48：621 src point:141 
DLL日志输出: 2021-10-11 00：20：48：621 src point:141 
DLL日志输出: 2021-10-11 00：20：48：622 src point:141 
DLL日志输出: 2021-10-11 00：20：48：622 src point:141 
DLL日志输出: 2021-10-11 00：20：48：622 src point:141 
DLL日志输出: 2021-10-11 00：20：48：623 src point:141 
DLL日志输出: 2021-10-11 00：20：48：623 src point:141 
DLL日志输出: 2021-10-11 00：20：48：623 src point:141 
DLL日志输出: 2021-10-11 00：20：48：625 src point:141 
DLL日志输出: 2021-10-11 00：20：48：625 src point:141 
DLL日志输出: 2021-10-11 00：20：48：626 src size:2 
DLL日志输出: 2021-10-11 00：20：48：627 ------------------- 
DLL日志输出: 2021-10-11 00：20：48：627 dstI 60816560 
DLL日志输出: 2021-10-11 00：20：48：627 src point:6 
DLL日志输出: 2021-10-11 00：20：48：628 src point:6 
DLL日志输出: 2021-10-11 00：20：48：628 src point:6 
DLL日志输出: 2021-10-11 00：20：48：629 src point:6 
DLL日志输出: 2021-10-11 00：20：48：629 src point:6 
DLL日志输出: 2021-10-11 00：20：48：630 src point:6 
DLL日志输出: 2021-10-11 00：20：48：632 ddddddddddddddddddddd 
DLL日志输出: 2021-10-11 00：39：05：532 src size:2 
DLL日志输出: 2021-10-11 00：39：05：533 ------------------- 
DLL日志输出: 2021-10-11 00：39：05：533 dstI 61769376 
DLL日志输出: 2021-10-11 00：39：05：534 src point:141 
DLL日志输出: 2021-10-11 00：39：05：534 src point:141 
DLL日志输出: 2021-10-11 00：39：05：536 src point:141 
DLL日志输出: 2021-10-11 00：39：05：536 src point:141 
DLL日志输出: 2021-10-11 00：39：05：537 src point:141 
DLL日志输出: 2021-10-11 00：39：05：537 src point:141 
DLL日志输出: 2021-10-11 00：39：05：537 src point:141 
DLL日志输出: 2021-10-11 00：39：05：537 src point:141 
DLL日志输出: 2021-10-11 00：39：05：538 src point:141 
DLL日志输出: 2021-10-11 00：39：05：542 src point:141 
DLL日志输出: 2021-10-11 00：39：05：546 src point:141 
DLL日志输出: 2021-10-11 00：39：05：547 src point:141 
DLL日志输出: 2021-10-11 00：39：05：547 src point:141 
DLL日志输出: 2021-10-11 00：39：05：548 src point:141 
DLL日志输出: 2021-10-11 00：39：05：549 src point:141 
DLL日志输出: 2021-10-11 00：39：05：549 src point:141 
DLL日志输出: 2021-10-11 00：39：05：550 src point:141 
DLL日志输出: 2021-10-11 00：39：05：550 src point:141 
DLL日志输出: 2021-10-11 00：39：05：551 src point:141 
DLL日志输出: 2021-10-11 00：39：05：552 src point:141 
DLL日志输出: 2021-10-11 00：39：05：563 src point:141 
DLL日志输出: 2021-10-11 00：39：05：573 src point:141 
DLL日志输出: 2021-10-11 00：39：05：579 src point:141 
DLL日志输出: 2021-10-11 00：39：05：579 src point:141 
DLL日志输出: 2021-10-11 00：39：05：580 src point:141 
DLL日志输出: 2021-10-11 00：39：05：580 src point:141 
DLL日志输出: 2021-10-11 00：39：05：580 src point:141 
DLL日志输出: 2021-10-11 00：39：05：581 src point:141 
DLL日志输出: 2021-10-11 00：39：05：582 src point:141 
DLL日志输出: 2021-10-11 00：39：05：582 src point:141 
DLL日志输出: 2021-10-11 00：39：05：582 src point:141 
DLL日志输出: 2021-10-11 00：39：05：583 src point:141 
DLL日志输出: 2021-10-11 00：39：05：583 src point:141 
DLL日志输出: 2021-10-11 00：39：05：583 src point:141 
DLL日志输出: 2021-10-11 00：39：05：584 src point:141 
DLL日志输出: 2021-10-11 00：39：05：584 src point:141 
DLL日志输出: 2021-10-11 00：39：05：585 src point:141 
DLL日志输出: 2021-10-11 00：39：05：585 src point:141 
DLL日志输出: 2021-10-11 00：39：05：585 src point:141 
DLL日志输出: 2021-10-11 00：39：05：586 src point:141 
DLL日志输出: 2021-10-11 00：39：05：586 src point:141 
DLL日志输出: 2021-10-11 00：39：05：586 src point:141 
DLL日志输出: 2021-10-11 00：39：05：587 src point:141 
DLL日志输出: 2021-10-11 00：39：05：587 src point:141 
DLL日志输出: 2021-10-11 00：39：05：588 src point:141 
DLL日志输出: 2021-10-11 00：39：05：594 src point:141 
DLL日志输出: 2021-10-11 00：39：05：594 src point:141 
DLL日志输出: 2021-10-11 00：39：05：598 src point:141 
DLL日志输出: 2021-10-11 00：39：05：598 src point:141 
DLL日志输出: 2021-10-11 00：39：05：599 src point:141 
DLL日志输出: 2021-10-11 00：39：05：599 src point:141 
DLL日志输出: 2021-10-11 00：39：05：599 src point:141 
DLL日志输出: 2021-10-11 00：39：05：600 src point:141 
DLL日志输出: 2021-10-11 00：39：05：600 src point:141 
DLL日志输出: 2021-10-11 00：39：05：601 src point:141 
DLL日志输出: 2021-10-11 00：39：05：601 src point:141 
DLL日志输出: 2021-10-11 00：39：05：602 src point:141 
DLL日志输出: 2021-10-11 00：39：05：602 src point:141 
DLL日志输出: 2021-10-11 00：39：05：602 src point:141 
DLL日志输出: 2021-10-11 00：39：05：602 src point:141 
DLL日志输出: 2021-10-11 00：39：05：603 src point:141 
DLL日志输出: 2021-10-11 00：39：05：604 src point:141 
DLL日志输出: 2021-10-11 00：39：05：605 src point:141 
DLL日志输出: 2021-10-11 00：39：05：605 src point:141 
DLL日志输出: 2021-10-11 00：39：05：606 src point:141 
DLL日志输出: 2021-10-11 00：39：05：613 src point:141 
DLL日志输出: 2021-10-11 00：39：05：615 src point:141 
DLL日志输出: 2021-10-11 00：39：05：619 src point:141 
DLL日志输出: 2021-10-11 00：39：05：621 src point:141 
DLL日志输出: 2021-10-11 00：39：05：622 src point:141 
DLL日志输出: 2021-10-11 00：39：05：631 src point:141 
DLL日志输出: 2021-10-11 00：39：05：632 src point:141 
DLL日志输出: 2021-10-11 00：39：05：632 src point:141 
DLL日志输出: 2021-10-11 00：39：05：632 src point:141 
DLL日志输出: 2021-10-11 00：39：05：633 src point:141 
DLL日志输出: 2021-10-11 00：39：05：633 src point:141 
DLL日志输出: 2021-10-11 00：39：05：634 src point:141 
DLL日志输出: 2021-10-11 00：39：05：634 src point:141 
DLL日志输出: 2021-10-11 00：39：05：635 src point:141 
DLL日志输出: 2021-10-11 00：39：05：635 src point:141 
DLL日志输出: 2021-10-11 00：39：05：646 src point:141 
DLL日志输出: 2021-10-11 00：39：05：647 src point:141 
DLL日志输出: 2021-10-11 00：39：05：647 src point:141 
DLL日志输出: 2021-10-11 00：39：05：647 src point:141 
DLL日志输出: 2021-10-11 00：39：05：648 src point:141 
DLL日志输出: 2021-10-11 00：39：05：648 src point:141 
DLL日志输出: 2021-10-11 00：39：05：648 src point:141 
DLL日志输出: 2021-10-11 00：39：05：649 src point:141 
DLL日志输出: 2021-10-11 00：39：05：649 src point:141 
DLL日志输出: 2021-10-11 00：39：05：649 src point:141 
DLL日志输出: 2021-10-11 00：39：05：650 src point:141 
DLL日志输出: 2021-10-11 00：39：05：650 src point:141 
DLL日志输出: 2021-10-11 00：39：05：651 src point:141 
DLL日志输出: 2021-10-11 00：39：05：652 src point:141 
DLL日志输出: 2021-10-11 00：39：05：652 src point:141 
DLL日志输出: 2021-10-11 00：39：05：652 src point:141 
DLL日志输出: 2021-10-11 00：39：05：653 src point:141 
DLL日志输出: 2021-10-11 00：39：05：654 src point:141 
DLL日志输出: 2021-10-11 00：39：05：663 src point:141 
DLL日志输出: 2021-10-11 00：39：05：663 src point:141 
DLL日志输出: 2021-10-11 00：39：05：664 src point:141 
DLL日志输出: 2021-10-11 00：39：05：664 src point:141 
DLL日志输出: 2021-10-11 00：39：05：664 src point:141 
DLL日志输出: 2021-10-11 00：39：05：665 src point:141 
DLL日志输出: 2021-10-11 00：39：05：665 src point:141 
DLL日志输出: 2021-10-11 00：39：05：665 src point:141 
DLL日志输出: 2021-10-11 00：39：05：666 src point:141 
DLL日志输出: 2021-10-11 00：39：05：666 src point:141 
DLL日志输出: 2021-10-11 00：39：05：666 src point:141 
DLL日志输出: 2021-10-11 00：39：05：667 src point:141 
DLL日志输出: 2021-10-11 00：39：05：667 src point:141 
DLL日志输出: 2021-10-11 00：39：05：668 src point:141 
DLL日志输出: 2021-10-11 00：39：05：669 src point:141 
DLL日志输出: 2021-10-11 00：39：05：669 src point:141 
DLL日志输出: 2021-10-11 00：39：05：669 src point:141 
DLL日志输出: 2021-10-11 00：39：05：670 src point:141 
DLL日志输出: 2021-10-11 00：39：05：670 src point:141 
DLL日志输出: 2021-10-11 00：39：05：670 src point:141 
DLL日志输出: 2021-10-11 00：39：05：671 src point:141 
DLL日志输出: 2021-10-11 00：39：05：671 src point:141 
DLL日志输出: 2021-10-11 00：39：05：671 src point:141 
DLL日志输出: 2021-10-11 00：39：05：671 src point:141 
DLL日志输出: 2021-10-11 00：39：05：672 src point:141 
DLL日志输出: 2021-10-11 00：39：05：672 src point:141 
DLL日志输出: 2021-10-11 00：39：05：672 src point:141 
DLL日志输出: 2021-10-11 00：39：05：672 src point:141 
DLL日志输出: 2021-10-11 00：39：05：673 src point:141 
DLL日志输出: 2021-10-11 00：39：05：673 src point:141 
DLL日志输出: 2021-10-11 00：39：05：673 src point:141 
DLL日志输出: 2021-10-11 00：39：05：673 src point:141 
DLL日志输出: 2021-10-11 00：39：05：674 src point:141 
DLL日志输出: 2021-10-11 00：39：05：674 src point:141 
DLL日志输出: 2021-10-11 00：39：05：675 src point:141 
DLL日志输出: 2021-10-11 00：39：05：677 src point:141 
DLL日志输出: 2021-10-11 00：39：05：677 src point:141 
DLL日志输出: 2021-10-11 00：39：05：678 src point:141 
DLL日志输出: 2021-10-11 00：39：05：679 src point:141 
DLL日志输出: 2021-10-11 00：39：05：680 src point:141 
DLL日志输出: 2021-10-11 00：39：05：681 src point:141 
DLL日志输出: 2021-10-11 00：39：05：682 src point:141 
DLL日志输出: 2021-10-11 00：39：05：682 src point:141 
DLL日志输出: 2021-10-11 00：39：05：683 src size:2 
DLL日志输出: 2021-10-11 00：39：05：683 ------------------- 
DLL日志输出: 2021-10-11 00：39：05：683 dstI 61605720 
DLL日志输出: 2021-10-11 00：39：05：683 src point:6 
DLL日志输出: 2021-10-11 00：39：05：684 src point:6 
DLL日志输出: 2021-10-11 00：39：05：684 src point:6 
DLL日志输出: 2021-10-11 00：39：05：684 src point:6 
DLL日志输出: 2021-10-11 00：39：05：684 src point:6 
DLL日志输出: 2021-10-11 00：39：05：685 src point:6 
DLL日志输出: 2021-10-11 00：39：05：685 ddddddddddddddddddddd 
DLL日志输出: 2021-10-11 11：23：52：363 src x:1,y:2 
DLL日志输出: 2021-10-11 11：23：52：363 src x:3,y:4 
DLL日志输出: 2021-10-11 11：23：52：363 src x:5,y:6 
DLL日志输出: 2021-10-11 11：23：52：363 src x:7,y:8 
DLL日志输出: 2021-10-11 11：24：07：594 src x:1,y:2 
DLL日志输出: 2021-10-11 11：24：07：595 src x:3,y:4 
DLL日志输出: 2021-10-11 11：24：07：595 src x:5,y:6 
DLL日志输出: 2021-10-11 11：24：07：595 src x:7,y:8 
